nohup: ignoring input

  .   ____          _            __ _ _
 /\\ / ___'_ __ _ _(_)_ __  __ _ \ \ \ \
( ( )\___ | '_ | '_| | '_ \/ _` | \ \ \ \
 \\/  ___)| |_)| | | | | || (_| |  ) ) ) )
  '  |____| .__|_| |_|_| |_\__, | / / / /
 =========|_|==============|___/=/_/_/_/
 :: Spring Boot ::                (v3.2.0)

2025-11-01 00:24:25 - Starting EContractApplication v1.0.0-SNAPSHOT using Java 17.0.16 with PID 51288 (/home/ubuntu/econtract-ki/target/econtract-ki.war started by ubuntu in /home/ubuntu/econtract-ki)
2025-11-01 00:24:25 - Running with Spring Boot v3.2.0, Spring v6.1.1
2025-11-01 00:24:25 - No active profile set, falling back to 1 default profile: "default"
2025-11-01 00:24:26 - Bootstrapping Spring Data JPA repositories in DEFAULT mode.
2025-11-01 00:24:26 - Finished Spring Data repository scanning in 59 ms. Found 6 JPA repository interfaces.
2025-11-01 00:24:27 - Tomcat initialized with port 8080 (http)
2025-11-01 00:24:27 - Starting service [Tomcat]
2025-11-01 00:24:27 - Starting Servlet engine: [Apache Tomcat/10.1.16]
2025-11-01 00:24:27 - Initializing Spring embedded WebApplicationContext
2025-11-01 00:24:27 - Root WebApplicationContext: initialization completed in 1900 ms
2025-11-01 00:24:27 - HikariPool-1 - Starting...
2025-11-01 00:24:27 - HikariPool-1 - Added connection com.mysql.cj.jdbc.ConnectionImpl@5773d271
2025-11-01 00:24:27 - HikariPool-1 - Start completed.
2025-11-01 00:24:27 - Flyway Community Edition 9.22.3 by Redgate
2025-11-01 00:24:27 - See release notes here: https://rd.gt/416ObMi
2025-11-01 00:24:27 - 
2025-11-01 00:24:28 - Database: jdbc:mysql://localhost:3306/econtract_db (MySQL 8.0)
2025-11-01 00:24:28 - Successfully validated 4 migrations (execution time 00:00.034s)
2025-11-01 00:24:28 - Current version of schema `econtract_db`: 6
2025-11-01 00:24:28 - Schema `econtract_db` is up to date. No migration necessary.
2025-11-01 00:24:28 - HHH000204: Processing PersistenceUnitInfo [name: default]
2025-11-01 00:24:28 - HHH000412: Hibernate ORM core version 6.3.1.Final
2025-11-01 00:24:28 - HHH000026: Second-level cache disabled
2025-11-01 00:24:28 - No LoadTimeWeaver setup: ignoring JPA class transformer
2025-11-01 00:24:28 - HHH90000025: MySQL8Dialect does not need to be specified explicitly using 'hibernate.dialect' (remove the property setting and it will be selected by default)
2025-11-01 00:24:28 - HHH90000026: MySQL8Dialect has been deprecated; use org.hibernate.dialect.MySQLDialect instead
2025-11-01 00:24:29 - HHH000489: No JTA platform available (set 'hibernate.transaction.jta.platform' to enable JTA platform integration)
2025-11-01 00:24:29 - Initialized JPA EntityManagerFactory for persistence unit 'default'
2025-11-01 00:24:30 - Hibernate is in classpath; If applicable, HQL parser will be used.
2025-11-01 00:24:31 - spring.jpa.open-in-view is enabled by default. Therefore, database queries may be performed during view rendering. Explicitly configure spring.jpa.open-in-view to disable this warning
2025-11-01 00:24:31 - 

Using generated security password: 055516c1-0d87-4ac2-99a3-c16e5cbf8c60

This generated password is for development use only. Your security configuration must be updated before running your application in production.

2025-11-01 00:24:31 - Adding welcome page: class path resource [static/index.html]
2025-11-01 00:24:31 - Will secure any request with [org.springframework.security.web.session.DisableEncodeUrlFilter@31419d4a, org.springframework.security.web.context.request.async.WebAsyncManagerIntegrationFilter@220f2d1b, org.springframework.security.web.context.SecurityContextHolderFilter@4c66b3d9, org.springframework.security.web.header.HeaderWriterFilter@276961df, org.springframework.web.filter.CorsFilter@2ee16a4e, org.springframework.security.web.authentication.logout.LogoutFilter@136bd1d1, org.springframework.security.web.savedrequest.RequestCacheAwareFilter@58d291c1, org.springframework.security.web.servletapi.SecurityContextHolderAwareRequestFilter@c7a7d3, org.springframework.security.web.authentication.AnonymousAuthenticationFilter@541b89ec, org.springframework.security.web.access.ExceptionTranslationFilter@54e1e8a7, org.springframework.security.web.access.intercept.AuthorizationFilter@3c05fb12]
2025-11-01 00:24:31 - Tomcat started on port 8080 (http) with context path '/econtract'
2025-11-01 00:24:31 - Started EContractApplication in 7.05 seconds (process running for 7.667)
2025-11-01 00:24:44 - Initializing Spring DispatcherServlet 'dispatcherServlet'
2025-11-01 00:24:44 - Initializing Servlet 'dispatcherServlet'
2025-11-01 00:24:44 - Completed initialization in 2 ms
2025-11-01 00:24:44 - Cache miss for REQUEST dispatch to '/econtract/index.html' (previous null). Performing CorsConfiguration lookup. This is logged once only at WARN level, and every time at TRACE.
2025-11-01 00:24:45 - GET /api/v1/dashboard/stats
2025-11-01 00:24:45 - 
    /* select
        count(*) 
    from
        Contract x */ select
            count(*) 
        from
            contracts c1_0
2025-11-01 00:24:45 - 
    /* <criteria> */ select
        count(c1_0.id) 
    from
        contracts c1_0 
    where
        c1_0.status=?
2025-11-01 00:24:45 - 
    /* <criteria> */ select
        count(c1_0.id) 
    from
        contracts c1_0 
    where
        c1_0.status=?
2025-11-01 00:24:45 - 
    /* <criteria> */ select
        count(c1_0.id) 
    from
        contracts c1_0 
    where
        c1_0.status=?
2025-11-01 00:24:45 - 
    /* <criteria> */ select
        count(c1_0.id) 
    from
        contracts c1_0 
    where
        c1_0.status=?
2025-11-01 00:24:45 - 
    /* <criteria> */ select
        count(c1_0.id) 
    from
        contracts c1_0 
    where
        c1_0.contract_type=?
2025-11-01 00:24:45 - 
    /* <criteria> */ select
        count(c1_0.id) 
    from
        contracts c1_0 
    where
        c1_0.contract_type=?
2025-11-01 00:24:45 - 
    /* <criteria> */ select
        count(c1_0.id) 
    from
        contracts c1_0 
    where
        c1_0.contract_type=?
2025-11-01 00:24:45 - 
    /* <criteria> */ select
        count(c1_0.id) 
    from
        contracts c1_0 
    where
        c1_0.contract_type=?
2025-11-01 00:24:45 - 
    /* SELECT
        c 
    FROM
        Contract c 
    WHERE
        c.endDate BETWEEN :startDate AND :endDate 
        AND c.status IN ('APPROVED', 'ACTIVE') */ select
            c1_0.id,
            c1_0.auto_renewal,
            c1_0.contract_number,
            c1_0.contract_type,
            c1_0.contract_value,
            c1_0.created_at,
            c1_0.created_by,
            c1_0.currency,
            c1_0.department,
            c1_0.end_date,
            c1_0.framework_contract_id,
            c1_0.is_framework_child,
            c1_0.notice_period_days,
            c1_0.owner_user_id,
            c1_0.partner_id,
            c1_0.partner_name,
            c1_0.start_date,
            c1_0.status,
            c1_0.title,
            c1_0.updated_at 
        from
            contracts c1_0 
        where
            c1_0.end_date between ? and ? 
            and c1_0.status in ('APPROVED', 'ACTIVE')
2025-11-01 00:24:45 - 
    /* <criteria> */ select
        count(ciq1_0.id) 
    from
        contract_import_queue ciq1_0 
    where
        ciq1_0.status=?
2025-11-01 00:24:45 - 
    /* <criteria> */ select
        count(ciq1_0.id) 
    from
        contract_import_queue ciq1_0 
    where
        ciq1_0.status=?
2025-11-01 00:24:45 - 
    /* <criteria> */ select
        count(ciq1_0.id) 
    from
        contract_import_queue ciq1_0 
    where
        ciq1_0.status=?
2025-11-01 00:24:45 - 
    /* <criteria> */ select
        count(ciq1_0.id) 
    from
        contract_import_queue ciq1_0 
    where
        ciq1_0.status=?
2025-11-01 00:24:45 - 
    /* <criteria> */ select
        count(ciq1_0.id) 
    from
        contract_import_queue ciq1_0 
    where
        ciq1_0.status=?
2025-11-01 00:24:45 - 
    /* <criteria> */ select
        count(ciq1_0.id) 
    from
        contract_import_queue ciq1_0 
    where
        ciq1_0.status=?
